[2025-06-22 09:26:05] local.ERROR: The "--force" option does not exist. {"exception":"[object] (Symfony\\Component\\Console\\Exception\\RuntimeException(code: 0): The \"--force\" option does not exist. at /project/sandbox/user-workspace/ecommerce/vendor/symfony/console/Input/ArgvInput.php:226)
[stacktrace]
#0 /project/sandbox/user-workspace/ecommerce/vendor/symfony/console/Input/ArgvInput.php(155): Symfony\\Component\\Console\\Input\\ArgvInput->addLongOption()
#1 /project/sandbox/user-workspace/ecommerce/vendor/symfony/console/Input/ArgvInput.php(88): Symfony\\Component\\Console\\Input\\ArgvInput->parseLongOption()
#2 /project/sandbox/user-workspace/ecommerce/vendor/symfony/console/Input/ArgvInput.php(77): Symfony\\Component\\Console\\Input\\ArgvInput->parseToken()
#3 /project/sandbox/user-workspace/ecommerce/vendor/symfony/console/Input/Input.php(53): Symfony\\Component\\Console\\Input\\ArgvInput->parse()
#4 /project/sandbox/user-workspace/ecommerce/vendor/symfony/console/Command/Command.php(276): Symfony\\Component\\Console\\Input\\Input->bind()
#5 /project/sandbox/user-workspace/ecommerce/vendor/laravel/framework/src/Illuminate/Console/Command.php(178): Symfony\\Component\\Console\\Command\\Command->run()
#6 /project/sandbox/user-workspace/ecommerce/vendor/symfony/console/Application.php(1092): Illuminate\\Console\\Command->run()
#7 /project/sandbox/user-workspace/ecommerce/vendor/symfony/console/Application.php(341): Symfony\\Component\\Console\\Application->doRunCommand()
#8 /project/sandbox/user-workspace/ecommerce/vendor/symfony/console/Application.php(192): Symfony\\Component\\Console\\Application->doRun()
#9 /project/sandbox/user-workspace/ecommerce/vendor/laravel/framework/src/Illuminate/Foundation/Console/Kernel.php(197): Symfony\\Component\\Console\\Application->run()
#10 /project/sandbox/user-workspace/ecommerce/vendor/laravel/framework/src/Illuminate/Foundation/Application.php(1234): Illuminate\\Foundation\\Console\\Kernel->handle()
#11 /project/sandbox/user-workspace/ecommerce/artisan(16): Illuminate\\Foundation\\Application->handleCommand()
#12 {main}
"} 
[2025-06-22 09:31:05] local.ERROR: Trait "Laravel\Sanctum\HasApiTokens" not found {"exception":"[object] (Symfony\\Component\\ErrorHandler\\Error\\FatalError(code: 0): Trait \"Laravel\\Sanctum\\HasApiTokens\" not found at /project/sandbox/user-workspace/ecommerce/app/Models/User.php:12)
[stacktrace]
#0 {main}
"} 
[2025-06-22 10:14:26] local.ERROR: Unable to locate a class or view for component [main-layout]. {"exception":"[object] (InvalidArgumentException(code: 0): Unable to locate a class or view for component [main-layout]. at /project/sandbox/user-workspace/ecommerce/vendor/laravel/framework/src/Illuminate/View/Compilers/ComponentTagCompiler.php:315)
[stacktrace]
#0 /project/sandbox/user-workspace/ecommerce/vendor/laravel/framework/src/Illuminate/View/Compilers/ComponentTagCompiler.php(235): Illuminate\\View\\Compilers\\ComponentTagCompiler->componentClass()
#1 /project/sandbox/user-workspace/ecommerce/vendor/laravel/framework/src/Illuminate/View/Compilers/ComponentTagCompiler.php(156): Illuminate\\View\\Compilers\\ComponentTagCompiler->componentString()
#2 [internal function]: Illuminate\\View\\Compilers\\ComponentTagCompiler->Illuminate\\View\\Compilers\\{closure}()
#3 /project/sandbox/user-workspace/ecommerce/vendor/laravel/framework/src/Illuminate/View/Compilers/ComponentTagCompiler.php(151): preg_replace_callback()
#4 /project/sandbox/user-workspace/ecommerce/vendor/laravel/framework/src/Illuminate/View/Compilers/ComponentTagCompiler.php(90): Illuminate\\View\\Compilers\\ComponentTagCompiler->compileOpeningTags()
#5 /project/sandbox/user-workspace/ecommerce/vendor/laravel/framework/src/Illuminate/View/Compilers/ComponentTagCompiler.php(76): Illuminate\\View\\Compilers\\ComponentTagCompiler->compileTags()
#6 /project/sandbox/user-workspace/ecommerce/vendor/laravel/framework/src/Illuminate/View/Compilers/BladeCompiler.php(454): Illuminate\\View\\Compilers\\ComponentTagCompiler->compile()
#7 /project/sandbox/user-workspace/ecommerce/vendor/laravel/framework/src/Illuminate/View/Compilers/BladeCompiler.php(286): Illuminate\\View\\Compilers\\BladeCompiler->compileComponentTags()
#8 /project/sandbox/user-workspace/ecommerce/vendor/laravel/framework/src/Illuminate/View/Compilers/BladeCompiler.php(186): Illuminate\\View\\Compilers\\BladeCompiler->compileString()
#9 /project/sandbox/user-workspace/ecommerce/vendor/laravel/framework/src/Illuminate/View/Engines/CompilerEngine.php(66): Illuminate\\View\\Compilers\\BladeCompiler->compile()
#10 /project/sandbox/user-workspace/ecommerce/vendor/laravel/framework/src/Illuminate/View/View.php(208): Illuminate\\View\\Engines\\CompilerEngine->get()
#11 /project/sandbox/user-workspace/ecommerce/vendor/laravel/framework/src/Illuminate/View/View.php(191): Illuminate\\View\\View->getContents()
#12 /project/sandbox/user-workspace/ecommerce/vendor/laravel/framework/src/Illuminate/View/View.php(160): Illuminate\\View\\View->renderContents()
#13 /project/sandbox/user-workspace/ecommerce/vendor/laravel/framework/src/Illuminate/Http/Response.php(78): Illuminate\\View\\View->render()
#14 /project/sandbox/user-workspace/ecommerce/vendor/laravel/framework/src/Illuminate/Http/Response.php(34): Illuminate\\Http\\Response->setContent()
#15 /project/sandbox/user-workspace/ecommerce/vendor/laravel/framework/src/Illuminate/Routing/Router.php(924): Illuminate\\Http\\Response->__construct()
#16 /project/sandbox/user-workspace/ecommerce/vendor/laravel/framework/src/Illuminate/Routing/Router.php(891): Illuminate\\Routing\\Router::toResponse()
#17 /project/sandbox/user-workspace/ecommerce/vendor/laravel/framework/src/Illuminate/Routing/Router.php(807): Illuminate\\Routing\\Router->prepareResponse()
#18 /project/sandbox/user-workspace/ecommerce/vendor/laravel/framework/src/Illuminate/Pipeline/Pipeline.php(169): Illuminate\\Routing\\Router->Illuminate\\Routing\\{closure}()
#19 /project/sandbox/user-workspace/ecommerce/vendor/laravel/framework/src/Illuminate/Routing/Middleware/SubstituteBindings.php(50): Illuminate\\Pipeline\\Pipeline->Illuminate\\Pipeline\\{closure}()
#20 /project/sandbox/user-workspace/ecommerce/vendor/laravel/framework/src/Illuminate/Pipeline/Pipeline.php(208): Illuminate\\Routing\\Middleware\\SubstituteBindings->handle()
#21 /project/sandbox/user-workspace/ecommerce/vendor/laravel/framework/src/Illuminate/Foundation/Http/Middleware/VerifyCsrfToken.php(87): Illuminate\\Pipeline\\Pipeline->Illuminate\\Pipeline\\{closure}()
#22 /project/sandbox/user-workspace/ecommerce/vendor/laravel/framework/src/Illuminate/Pipeline/Pipeline.php(208): Illuminate\\Foundation\\Http\\Middleware\\VerifyCsrfToken->handle()
#23 /project/sandbox/user-workspace/ecommerce/vendor/laravel/framework/src/Illuminate/View/Middleware/ShareErrorsFromSession.php(48): Illuminate\\Pipeline\\Pipeline->Illuminate\\Pipeline\\{closure}()
#24 /project/sandbox/user-workspace/ecommerce/vendor/laravel/framework/src/Illuminate/Pipeline/Pipeline.php(208): Illuminate\\View\\Middleware\\ShareErrorsFromSession->handle()
#25 /project/sandbox/user-workspace/ecommerce/vendor/laravel/framework/src/Illuminate/Session/Middleware/StartSession.php(120): Illuminate\\Pipeline\\Pipeline->Illuminate\\Pipeline\\{closure}()
#26 /project/sandbox/user-workspace/ecommerce/vendor/laravel/framework/src/Illuminate/Session/Middleware/StartSession.php(63): Illuminate\\Session\\Middleware\\StartSession->handleStatefulRequest()
#27 /project/sandbox/user-workspace/ecommerce/vendor/laravel/framework/src/Illuminate/Pipeline/Pipeline.php(208): Illuminate\\Session\\Middleware\\StartSession->handle()
#28 /project/sandbox/user-workspace/ecommerce/vendor/laravel/framework/src/Illuminate/Cookie/Middleware/AddQueuedCookiesToResponse.php(36): Illuminate\\Pipeline\\Pipeline->Illuminate\\Pipeline\\{closure}()
#29 /project/sandbox/user-workspace/ecommerce/vendor/laravel/framework/src/Illuminate/Pipeline/Pipeline.php(208): Illuminate\\Cookie\\Middleware\\AddQueuedCookiesToResponse->handle()
#30 /project/sandbox/user-workspace/ecommerce/vendor/laravel/framework/src/Illuminate/Cookie/Middleware/EncryptCookies.php(74): Illuminate\\Pipeline\\Pipeline->Illuminate\\Pipeline\\{closure}()
#31 /project/sandbox/user-workspace/ecommerce/vendor/laravel/framework/src/Illuminate/Pipeline/Pipeline.php(208): Illuminate\\Cookie\\Middleware\\EncryptCookies->handle()
#32 /project/sandbox/user-workspace/ecommerce/vendor/laravel/framework/src/Illuminate/Pipeline/Pipeline.php(126): Illuminate\\Pipeline\\Pipeline->Illuminate\\Pipeline\\{closure}()
#33 /project/sandbox/user-workspace/ecommerce/vendor/laravel/framework/src/Illuminate/Routing/Router.php(807): Illuminate\\Pipeline\\Pipeline->then()
#34 /project/sandbox/user-workspace/ecommerce/vendor/laravel/framework/src/Illuminate/Routing/Router.php(786): Illuminate\\Routing\\Router->runRouteWithinStack()
#35 /project/sandbox/user-workspace/ecommerce/vendor/laravel/framework/src/Illuminate/Routing/Router.php(750): Illuminate\\Routing\\Router->runRoute()
#36 /project/sandbox/user-workspace/ecommerce/vendor/laravel/framework/src/Illuminate/Routing/Router.php(739): Illuminate\\Routing\\Router->dispatchToRoute()
#37 /project/sandbox/user-workspace/ecommerce/vendor/laravel/framework/src/Illuminate/Foundation/Http/Kernel.php(200): Illuminate\\Routing\\Router->dispatch()
#38 /project/sandbox/user-workspace/ecommerce/vendor/laravel/framework/src/Illuminate/Pipeline/Pipeline.php(169): Illuminate\\Foundation\\Http\\Kernel->Illuminate\\Foundation\\Http\\{closure}()
#39 /project/sandbox/user-workspace/ecommerce/vendor/laravel/framework/src/Illuminate/Foundation/Http/Middleware/TransformsRequest.php(21): Illuminate\\Pipeline\\Pipeline->Illuminate\\Pipeline\\{closure}()
#40 /project/sandbox/user-workspace/ecommerce/vendor/laravel/framework/src/Illuminate/Foundation/Http/Middleware/ConvertEmptyStringsToNull.php(31): Illuminate\\Foundation\\Http\\Middleware\\TransformsRequest->handle()
#41 /project/sandbox/user-workspace/ecommerce/vendor/laravel/framework/src/Illuminate/Pipeline/Pipeline.php(208): Illuminate\\Foundation\\Http\\Middleware\\ConvertEmptyStringsToNull->handle()
#42 /project/sandbox/user-workspace/ecommerce/vendor/laravel/framework/src/Illuminate/Foundation/Http/Middleware/TransformsRequest.php(21): Illuminate\\Pipeline\\Pipeline->Illuminate\\Pipeline\\{closure}()
#43 /project/sandbox/user-workspace/ecommerce/vendor/laravel/framework/src/Illuminate/Foundation/Http/Middleware/TrimStrings.php(51): Illuminate\\Foundation\\Http\\Middleware\\TransformsRequest->handle()
#44 /project/sandbox/user-workspace/ecommerce/vendor/laravel/framework/src/Illuminate/Pipeline/Pipeline.php(208): Illuminate\\Foundation\\Http\\Middleware\\TrimStrings->handle()
#45 /project/sandbox/user-workspace/ecommerce/vendor/laravel/framework/src/Illuminate/Http/Middleware/ValidatePostSize.php(27): Illuminate\\Pipeline\\Pipeline->Illuminate\\Pipeline\\{closure}()
#46 /project/sandbox/user-workspace/ecommerce/vendor/laravel/framework/src/Illuminate/Pipeline/Pipeline.php(208): Illuminate\\Http\\Middleware\\ValidatePostSize->handle()
#47 /project/sandbox/user-workspace/ecommerce/vendor/laravel/framework/src/Illuminate/Foundation/Http/Middleware/PreventRequestsDuringMaintenance.php(109): Illuminate\\Pipeline\\Pipeline->Illuminate\\Pipeline\\{closure}()
#48 /project/sandbox/user-workspace/ecommerce/vendor/laravel/framework/src/Illuminate/Pipeline/Pipeline.php(208): Illuminate\\Foundation\\Http\\Middleware\\PreventRequestsDuringMaintenance->handle()
#49 /project/sandbox/user-workspace/ecommerce/vendor/laravel/framework/src/Illuminate/Http/Middleware/HandleCors.php(48): Illuminate\\Pipeline\\Pipeline->Illuminate\\Pipeline\\{closure}()
#50 /project/sandbox/user-workspace/ecommerce/vendor/laravel/framework/src/Illuminate/Pipeline/Pipeline.php(208): Illuminate\\Http\\Middleware\\HandleCors->handle()
#51 /project/sandbox/user-workspace/ecommerce/vendor/laravel/framework/src/Illuminate/Http/Middleware/TrustProxies.php(58): Illuminate\\Pipeline\\Pipeline->Illuminate\\Pipeline\\{closure}()
#52 /project/sandbox/user-workspace/ecommerce/vendor/laravel/framework/src/Illuminate/Pipeline/Pipeline.php(208): Illuminate\\Http\\Middleware\\TrustProxies->handle()
#53 /project/sandbox/user-workspace/ecommerce/vendor/laravel/framework/src/Illuminate/Foundation/Http/Middleware/InvokeDeferredCallbacks.php(22): Illuminate\\Pipeline\\Pipeline->Illuminate\\Pipeline\\{closure}()
#54 /project/sandbox/user-workspace/ecommerce/vendor/laravel/framework/src/Illuminate/Pipeline/Pipeline.php(208): Illuminate\\Foundation\\Http\\Middleware\\InvokeDeferredCallbacks->handle()
#55 /project/sandbox/user-workspace/ecommerce/vendor/laravel/framework/src/Illuminate/Http/Middleware/ValidatePathEncoding.php(26): Illuminate\\Pipeline\\Pipeline->Illuminate\\Pipeline\\{closure}()
#56 /project/sandbox/user-workspace/ecommerce/vendor/laravel/framework/src/Illuminate/Pipeline/Pipeline.php(208): Illuminate\\Http\\Middleware\\ValidatePathEncoding->handle()
#57 /project/sandbox/user-workspace/ecommerce/vendor/laravel/framework/src/Illuminate/Pipeline/Pipeline.php(126): Illuminate\\Pipeline\\Pipeline->Illuminate\\Pipeline\\{closure}()
#58 /project/sandbox/user-workspace/ecommerce/vendor/laravel/framework/src/Illuminate/Foundation/Http/Kernel.php(175): Illuminate\\Pipeline\\Pipeline->then()
#59 /project/sandbox/user-workspace/ecommerce/vendor/laravel/framework/src/Illuminate/Foundation/Http/Kernel.php(144): Illuminate\\Foundation\\Http\\Kernel->sendRequestThroughRouter()
#60 /project/sandbox/user-workspace/ecommerce/vendor/laravel/framework/src/Illuminate/Foundation/Application.php(1219): Illuminate\\Foundation\\Http\\Kernel->handle()
#61 /project/sandbox/user-workspace/ecommerce/public/index.php(20): Illuminate\\Foundation\\Application->handleRequest()
#62 /project/sandbox/user-workspace/ecommerce/vendor/laravel/framework/src/Illuminate/Foundation/resources/server.php(23): require_once('...')
#63 {main}
"} 
[2025-06-22 10:18:00] local.ERROR: SQLSTATE[HY000]: General error: 1 table product_images has no column named url (Connection: sqlite, SQL: insert into "product_images" ("product_id", "url", "is_primary", "updated_at", "created_at") values (1, https://images.pexels.com/photos/18105/pexels-photo.jpg, 1, 2025-06-22 10:18:00, 2025-06-22 10:18:00)) {"exception":"[object] (Illuminate\\Database\\QueryException(code: HY000): SQLSTATE[HY000]: General error: 1 table product_images has no column named url (Connection: sqlite, SQL: insert into \"product_images\" (\"product_id\", \"url\", \"is_primary\", \"updated_at\", \"created_at\") values (1, https://images.pexels.com/photos/18105/pexels-photo.jpg, 1, 2025-06-22 10:18:00, 2025-06-22 10:18:00)) at /project/sandbox/user-workspace/ecommerce/vendor/laravel/framework/src/Illuminate/Database/Connection.php:822)
[stacktrace]
#0 /project/sandbox/user-workspace/ecommerce/vendor/laravel/framework/src/Illuminate/Database/Connection.php(776): Illuminate\\Database\\Connection->runQueryCallback()
#1 /project/sandbox/user-workspace/ecommerce/vendor/laravel/framework/src/Illuminate/Database/Connection.php(557): Illuminate\\Database\\Connection->run()
#2 /project/sandbox/user-workspace/ecommerce/vendor/laravel/framework/src/Illuminate/Database/Connection.php(521): Illuminate\\Database\\Connection->statement()
#3 /project/sandbox/user-workspace/ecommerce/vendor/laravel/framework/src/Illuminate/Database/Query/Processors/Processor.php(32): Illuminate\\Database\\Connection->insert()
#4 /project/sandbox/user-workspace/ecommerce/vendor/laravel/framework/src/Illuminate/Database/Query/Builder.php(3796): Illuminate\\Database\\Query\\Processors\\Processor->processInsertGetId()
#5 /project/sandbox/user-workspace/ecommerce/vendor/laravel/framework/src/Illuminate/Database/Eloquent/Builder.php(2205): Illuminate\\Database\\Query\\Builder->insertGetId()
#6 /project/sandbox/user-workspace/ecommerce/vendor/laravel/framework/src/Illuminate/Database/Eloquent/Model.php(1410): Illuminate\\Database\\Eloquent\\Builder->__call()
#7 /project/sandbox/user-workspace/ecommerce/vendor/laravel/framework/src/Illuminate/Database/Eloquent/Model.php(1375): Illuminate\\Database\\Eloquent\\Model->insertAndSetId()
#8 /project/sandbox/user-workspace/ecommerce/vendor/laravel/framework/src/Illuminate/Database/Eloquent/Model.php(1214): Illuminate\\Database\\Eloquent\\Model->performInsert()
#9 /project/sandbox/user-workspace/ecommerce/vendor/laravel/framework/src/Illuminate/Database/Eloquent/Builder.php(1189): Illuminate\\Database\\Eloquent\\Model->save()
#10 /project/sandbox/user-workspace/ecommerce/vendor/laravel/framework/src/Illuminate/Support/helpers.php(399): Illuminate\\Database\\Eloquent\\Builder->Illuminate\\Database\\Eloquent\\{closure}()
#11 /project/sandbox/user-workspace/ecommerce/vendor/laravel/framework/src/Illuminate/Database/Eloquent/Builder.php(1188): tap()
#12 /project/sandbox/user-workspace/ecommerce/vendor/laravel/framework/src/Illuminate/Support/Traits/ForwardsCalls.php(23): Illuminate\\Database\\Eloquent\\Builder->create()
#13 /project/sandbox/user-workspace/ecommerce/vendor/laravel/framework/src/Illuminate/Database/Eloquent/Model.php(2496): Illuminate\\Database\\Eloquent\\Model->forwardCallTo()
#14 /project/sandbox/user-workspace/ecommerce/vendor/laravel/framework/src/Illuminate/Database/Eloquent/Model.php(2512): Illuminate\\Database\\Eloquent\\Model->__call()
#15 /project/sandbox/user-workspace/ecommerce/database/seeders/DatabaseSeeder.php(147): Illuminate\\Database\\Eloquent\\Model::__callStatic()
#16 /project/sandbox/user-workspace/ecommerce/vendor/laravel/framework/src/Illuminate/Container/BoundMethod.php(36): Database\\Seeders\\DatabaseSeeder->run()
#17 /project/sandbox/user-workspace/ecommerce/vendor/laravel/framework/src/Illuminate/Container/Util.php(43): Illuminate\\Container\\BoundMethod::Illuminate\\Container\\{closure}()
#18 /project/sandbox/user-workspace/ecommerce/vendor/laravel/framework/src/Illuminate/Container/BoundMethod.php(96): Illuminate\\Container\\Util::unwrapIfClosure()
#19 /project/sandbox/user-workspace/ecommerce/vendor/laravel/framework/src/Illuminate/Container/BoundMethod.php(35): Illuminate\\Container\\BoundMethod::callBoundMethod()
#20 /project/sandbox/user-workspace/ecommerce/vendor/laravel/framework/src/Illuminate/Container/Container.php(754): Illuminate\\Container\\BoundMethod::call()
#21 /project/sandbox/user-workspace/ecommerce/vendor/laravel/framework/src/Illuminate/Database/Seeder.php(188): Illuminate\\Container\\Container->call()
#22 /project/sandbox/user-workspace/ecommerce/vendor/laravel/framework/src/Illuminate/Database/Seeder.php(197): Illuminate\\Database\\Seeder->Illuminate\\Database\\{closure}()
#23 /project/sandbox/user-workspace/ecommerce/vendor/laravel/framework/src/Illuminate/Database/Console/Seeds/SeedCommand.php(71): Illuminate\\Database\\Seeder->__invoke()
#24 /project/sandbox/user-workspace/ecommerce/vendor/laravel/framework/src/Illuminate/Database/Eloquent/Concerns/GuardsAttributes.php(157): Illuminate\\Database\\Console\\Seeds\\SeedCommand->Illuminate\\Database\\Console\\Seeds\\{closure}()
#25 /project/sandbox/user-workspace/ecommerce/vendor/laravel/framework/src/Illuminate/Database/Console/Seeds/SeedCommand.php(70): Illuminate\\Database\\Eloquent\\Model::unguarded()
#26 /project/sandbox/user-workspace/ecommerce/vendor/laravel/framework/src/Illuminate/Container/BoundMethod.php(36): Illuminate\\Database\\Console\\Seeds\\SeedCommand->handle()
#27 /project/sandbox/user-workspace/ecommerce/vendor/laravel/framework/src/Illuminate/Container/Util.php(43): Illuminate\\Container\\BoundMethod::Illuminate\\Container\\{closure}()
#28 /project/sandbox/user-workspace/ecommerce/vendor/laravel/framework/src/Illuminate/Container/BoundMethod.php(96): Illuminate\\Container\\Util::unwrapIfClosure()
#29 /project/sandbox/user-workspace/ecommerce/vendor/laravel/framework/src/Illuminate/Container/BoundMethod.php(35): Illuminate\\Container\\BoundMethod::callBoundMethod()
#30 /project/sandbox/user-workspace/ecommerce/vendor/laravel/framework/src/Illuminate/Container/Container.php(754): Illuminate\\Container\\BoundMethod::call()
#31 /project/sandbox/user-workspace/ecommerce/vendor/laravel/framework/src/Illuminate/Console/Command.php(209): Illuminate\\Container\\Container->call()
#32 /project/sandbox/user-workspace/ecommerce/vendor/symfony/console/Command/Command.php(318): Illuminate\\Console\\Command->execute()
#33 /project/sandbox/user-workspace/ecommerce/vendor/laravel/framework/src/Illuminate/Console/Command.php(178): Symfony\\Component\\Console\\Command\\Command->run()
#34 /project/sandbox/user-workspace/ecommerce/vendor/laravel/framework/src/Illuminate/Console/Concerns/CallsCommands.php(68): Illuminate\\Console\\Command->run()
#35 /project/sandbox/user-workspace/ecommerce/vendor/laravel/framework/src/Illuminate/Console/Concerns/CallsCommands.php(29): Illuminate\\Console\\Command->runCommand()
#36 /project/sandbox/user-workspace/ecommerce/vendor/laravel/framework/src/Illuminate/Database/Console/Migrations/FreshCommand.php(121): Illuminate\\Console\\Command->call()
#37 /project/sandbox/user-workspace/ecommerce/vendor/laravel/framework/src/Illuminate/Database/Console/Migrations/FreshCommand.php(97): Illuminate\\Database\\Console\\Migrations\\FreshCommand->runSeeder()
#38 /project/sandbox/user-workspace/ecommerce/vendor/laravel/framework/src/Illuminate/Container/BoundMethod.php(36): Illuminate\\Database\\Console\\Migrations\\FreshCommand->handle()
#39 /project/sandbox/user-workspace/ecommerce/vendor/laravel/framework/src/Illuminate/Container/Util.php(43): Illuminate\\Container\\BoundMethod::Illuminate\\Container\\{closure}()
#40 /project/sandbox/user-workspace/ecommerce/vendor/laravel/framework/src/Illuminate/Container/BoundMethod.php(96): Illuminate\\Container\\Util::unwrapIfClosure()
#41 /project/sandbox/user-workspace/ecommerce/vendor/laravel/framework/src/Illuminate/Container/BoundMethod.php(35): Illuminate\\Container\\BoundMethod::callBoundMethod()
#42 /project/sandbox/user-workspace/ecommerce/vendor/laravel/framework/src/Illuminate/Container/Container.php(754): Illuminate\\Container\\BoundMethod::call()
#43 /project/sandbox/user-workspace/ecommerce/vendor/laravel/framework/src/Illuminate/Console/Command.php(209): Illuminate\\Container\\Container->call()
#44 /project/sandbox/user-workspace/ecommerce/vendor/symfony/console/Command/Command.php(318): Illuminate\\Console\\Command->execute()
#45 /project/sandbox/user-workspace/ecommerce/vendor/laravel/framework/src/Illuminate/Console/Command.php(178): Symfony\\Component\\Console\\Command\\Command->run()
#46 /project/sandbox/user-workspace/ecommerce/vendor/symfony/console/Application.php(1092): Illuminate\\Console\\Command->run()
#47 /project/sandbox/user-workspace/ecommerce/vendor/symfony/console/Application.php(341): Symfony\\Component\\Console\\Application->doRunCommand()
#48 /project/sandbox/user-workspace/ecommerce/vendor/symfony/console/Application.php(192): Symfony\\Component\\Console\\Application->doRun()
#49 /project/sandbox/user-workspace/ecommerce/vendor/laravel/framework/src/Illuminate/Foundation/Console/Kernel.php(197): Symfony\\Component\\Console\\Application->run()
#50 /project/sandbox/user-workspace/ecommerce/vendor/laravel/framework/src/Illuminate/Foundation/Application.php(1234): Illuminate\\Foundation\\Console\\Kernel->handle()
#51 /project/sandbox/user-workspace/ecommerce/artisan(16): Illuminate\\Foundation\\Application->handleCommand()
#52 {main}

[previous exception] [object] (PDOException(code: HY000): SQLSTATE[HY000]: General error: 1 table product_images has no column named url at /project/sandbox/user-workspace/ecommerce/vendor/laravel/framework/src/Illuminate/Database/Connection.php:562)
[stacktrace]
#0 /project/sandbox/user-workspace/ecommerce/vendor/laravel/framework/src/Illuminate/Database/Connection.php(562): PDO->prepare()
#1 /project/sandbox/user-workspace/ecommerce/vendor/laravel/framework/src/Illuminate/Database/Connection.php(809): Illuminate\\Database\\Connection->Illuminate\\Database\\{closure}()
#2 /project/sandbox/user-workspace/ecommerce/vendor/laravel/framework/src/Illuminate/Database/Connection.php(776): Illuminate\\Database\\Connection->runQueryCallback()
#3 /project/sandbox/user-workspace/ecommerce/vendor/laravel/framework/src/Illuminate/Database/Connection.php(557): Illuminate\\Database\\Connection->run()
#4 /project/sandbox/user-workspace/ecommerce/vendor/laravel/framework/src/Illuminate/Database/Connection.php(521): Illuminate\\Database\\Connection->statement()
#5 /project/sandbox/user-workspace/ecommerce/vendor/laravel/framework/src/Illuminate/Database/Query/Processors/Processor.php(32): Illuminate\\Database\\Connection->insert()
#6 /project/sandbox/user-workspace/ecommerce/vendor/laravel/framework/src/Illuminate/Database/Query/Builder.php(3796): Illuminate\\Database\\Query\\Processors\\Processor->processInsertGetId()
#7 /project/sandbox/user-workspace/ecommerce/vendor/laravel/framework/src/Illuminate/Database/Eloquent/Builder.php(2205): Illuminate\\Database\\Query\\Builder->insertGetId()
#8 /project/sandbox/user-workspace/ecommerce/vendor/laravel/framework/src/Illuminate/Database/Eloquent/Model.php(1410): Illuminate\\Database\\Eloquent\\Builder->__call()
#9 /project/sandbox/user-workspace/ecommerce/vendor/laravel/framework/src/Illuminate/Database/Eloquent/Model.php(1375): Illuminate\\Database\\Eloquent\\Model->insertAndSetId()
#10 /project/sandbox/user-workspace/ecommerce/vendor/laravel/framework/src/Illuminate/Database/Eloquent/Model.php(1214): Illuminate\\Database\\Eloquent\\Model->performInsert()
#11 /project/sandbox/user-workspace/ecommerce/vendor/laravel/framework/src/Illuminate/Database/Eloquent/Builder.php(1189): Illuminate\\Database\\Eloquent\\Model->save()
#12 /project/sandbox/user-workspace/ecommerce/vendor/laravel/framework/src/Illuminate/Support/helpers.php(399): Illuminate\\Database\\Eloquent\\Builder->Illuminate\\Database\\Eloquent\\{closure}()
#13 /project/sandbox/user-workspace/ecommerce/vendor/laravel/framework/src/Illuminate/Database/Eloquent/Builder.php(1188): tap()
#14 /project/sandbox/user-workspace/ecommerce/vendor/laravel/framework/src/Illuminate/Support/Traits/ForwardsCalls.php(23): Illuminate\\Database\\Eloquent\\Builder->create()
#15 /project/sandbox/user-workspace/ecommerce/vendor/laravel/framework/src/Illuminate/Database/Eloquent/Model.php(2496): Illuminate\\Database\\Eloquent\\Model->forwardCallTo()
#16 /project/sandbox/user-workspace/ecommerce/vendor/laravel/framework/src/Illuminate/Database/Eloquent/Model.php(2512): Illuminate\\Database\\Eloquent\\Model->__call()
#17 /project/sandbox/user-workspace/ecommerce/database/seeders/DatabaseSeeder.php(147): Illuminate\\Database\\Eloquent\\Model::__callStatic()
#18 /project/sandbox/user-workspace/ecommerce/vendor/laravel/framework/src/Illuminate/Container/BoundMethod.php(36): Database\\Seeders\\DatabaseSeeder->run()
#19 /project/sandbox/user-workspace/ecommerce/vendor/laravel/framework/src/Illuminate/Container/Util.php(43): Illuminate\\Container\\BoundMethod::Illuminate\\Container\\{closure}()
#20 /project/sandbox/user-workspace/ecommerce/vendor/laravel/framework/src/Illuminate/Container/BoundMethod.php(96): Illuminate\\Container\\Util::unwrapIfClosure()
#21 /project/sandbox/user-workspace/ecommerce/vendor/laravel/framework/src/Illuminate/Container/BoundMethod.php(35): Illuminate\\Container\\BoundMethod::callBoundMethod()
#22 /project/sandbox/user-workspace/ecommerce/vendor/laravel/framework/src/Illuminate/Container/Container.php(754): Illuminate\\Container\\BoundMethod::call()
#23 /project/sandbox/user-workspace/ecommerce/vendor/laravel/framework/src/Illuminate/Database/Seeder.php(188): Illuminate\\Container\\Container->call()
#24 /project/sandbox/user-workspace/ecommerce/vendor/laravel/framework/src/Illuminate/Database/Seeder.php(197): Illuminate\\Database\\Seeder->Illuminate\\Database\\{closure}()
#25 /project/sandbox/user-workspace/ecommerce/vendor/laravel/framework/src/Illuminate/Database/Console/Seeds/SeedCommand.php(71): Illuminate\\Database\\Seeder->__invoke()
#26 /project/sandbox/user-workspace/ecommerce/vendor/laravel/framework/src/Illuminate/Database/Eloquent/Concerns/GuardsAttributes.php(157): Illuminate\\Database\\Console\\Seeds\\SeedCommand->Illuminate\\Database\\Console\\Seeds\\{closure}()
#27 /project/sandbox/user-workspace/ecommerce/vendor/laravel/framework/src/Illuminate/Database/Console/Seeds/SeedCommand.php(70): Illuminate\\Database\\Eloquent\\Model::unguarded()
#28 /project/sandbox/user-workspace/ecommerce/vendor/laravel/framework/src/Illuminate/Container/BoundMethod.php(36): Illuminate\\Database\\Console\\Seeds\\SeedCommand->handle()
#29 /project/sandbox/user-workspace/ecommerce/vendor/laravel/framework/src/Illuminate/Container/Util.php(43): Illuminate\\Container\\BoundMethod::Illuminate\\Container\\{closure}()
#30 /project/sandbox/user-workspace/ecommerce/vendor/laravel/framework/src/Illuminate/Container/BoundMethod.php(96): Illuminate\\Container\\Util::unwrapIfClosure()
#31 /project/sandbox/user-workspace/ecommerce/vendor/laravel/framework/src/Illuminate/Container/BoundMethod.php(35): Illuminate\\Container\\BoundMethod::callBoundMethod()
#32 /project/sandbox/user-workspace/ecommerce/vendor/laravel/framework/src/Illuminate/Container/Container.php(754): Illuminate\\Container\\BoundMethod::call()
#33 /project/sandbox/user-workspace/ecommerce/vendor/laravel/framework/src/Illuminate/Console/Command.php(209): Illuminate\\Container\\Container->call()
#34 /project/sandbox/user-workspace/ecommerce/vendor/symfony/console/Command/Command.php(318): Illuminate\\Console\\Command->execute()
#35 /project/sandbox/user-workspace/ecommerce/vendor/laravel/framework/src/Illuminate/Console/Command.php(178): Symfony\\Component\\Console\\Command\\Command->run()
#36 /project/sandbox/user-workspace/ecommerce/vendor/laravel/framework/src/Illuminate/Console/Concerns/CallsCommands.php(68): Illuminate\\Console\\Command->run()
#37 /project/sandbox/user-workspace/ecommerce/vendor/laravel/framework/src/Illuminate/Console/Concerns/CallsCommands.php(29): Illuminate\\Console\\Command->runCommand()
#38 /project/sandbox/user-workspace/ecommerce/vendor/laravel/framework/src/Illuminate/Database/Console/Migrations/FreshCommand.php(121): Illuminate\\Console\\Command->call()
#39 /project/sandbox/user-workspace/ecommerce/vendor/laravel/framework/src/Illuminate/Database/Console/Migrations/FreshCommand.php(97): Illuminate\\Database\\Console\\Migrations\\FreshCommand->runSeeder()
#40 /project/sandbox/user-workspace/ecommerce/vendor/laravel/framework/src/Illuminate/Container/BoundMethod.php(36): Illuminate\\Database\\Console\\Migrations\\FreshCommand->handle()
#41 /project/sandbox/user-workspace/ecommerce/vendor/laravel/framework/src/Illuminate/Container/Util.php(43): Illuminate\\Container\\BoundMethod::Illuminate\\Container\\{closure}()
#42 /project/sandbox/user-workspace/ecommerce/vendor/laravel/framework/src/Illuminate/Container/BoundMethod.php(96): Illuminate\\Container\\Util::unwrapIfClosure()
#43 /project/sandbox/user-workspace/ecommerce/vendor/laravel/framework/src/Illuminate/Container/BoundMethod.php(35): Illuminate\\Container\\BoundMethod::callBoundMethod()
#44 /project/sandbox/user-workspace/ecommerce/vendor/laravel/framework/src/Illuminate/Container/Container.php(754): Illuminate\\Container\\BoundMethod::call()
#45 /project/sandbox/user-workspace/ecommerce/vendor/laravel/framework/src/Illuminate/Console/Command.php(209): Illuminate\\Container\\Container->call()
#46 /project/sandbox/user-workspace/ecommerce/vendor/symfony/console/Command/Command.php(318): Illuminate\\Console\\Command->execute()
#47 /project/sandbox/user-workspace/ecommerce/vendor/laravel/framework/src/Illuminate/Console/Command.php(178): Symfony\\Component\\Console\\Command\\Command->run()
#48 /project/sandbox/user-workspace/ecommerce/vendor/symfony/console/Application.php(1092): Illuminate\\Console\\Command->run()
#49 /project/sandbox/user-workspace/ecommerce/vendor/symfony/console/Application.php(341): Symfony\\Component\\Console\\Application->doRunCommand()
#50 /project/sandbox/user-workspace/ecommerce/vendor/symfony/console/Application.php(192): Symfony\\Component\\Console\\Application->doRun()
#51 /project/sandbox/user-workspace/ecommerce/vendor/laravel/framework/src/Illuminate/Foundation/Console/Kernel.php(197): Symfony\\Component\\Console\\Application->run()
#52 /project/sandbox/user-workspace/ecommerce/vendor/laravel/framework/src/Illuminate/Foundation/Application.php(1234): Illuminate\\Foundation\\Console\\Kernel->handle()
#53 /project/sandbox/user-workspace/ecommerce/artisan(16): Illuminate\\Foundation\\Application->handleCommand()
#54 {main}
"} 
